<?xml version="1.0" encoding="UTF-8"?>
<testng-results ignored="0" total="1" passed="1" failed="0" skipped="0">
  <reporter-output>
  </reporter-output>
  <suite started-at="2018-08-02T18:29:15Z" name="Default suite" finished-at="2018-08-02T18:29:22Z" duration-ms="7427">
    <groups>
    </groups>
    <test started-at="2018-08-02T18:29:15Z" name="Default test" finished-at="2018-08-02T18:29:22Z" duration-ms="7427">
      <class name="runner.runner">
        <test-method is-config="true" signature="beforeClass()[pri:0, instance:runner.runner@46c00568]" started-at="2018-08-02T18:29:15Z" name="beforeClass" finished-at="2018-08-02T18:29:19Z" duration-ms="3628" status="PASS">
          <reporter-output>
          </reporter-output>
        </test-method> <!-- beforeClass -->
        <test-method is-config="true" signature="setUp()[pri:0, instance:runner.runner@46c00568]" started-at="2018-08-02T18:29:19Z" name="setUp" finished-at="2018-08-02T18:29:19Z" duration-ms="142" status="PASS">
          <reporter-output>
          </reporter-output>
        </test-method> <!-- setUp -->
        <test-method signature="f()[pri:0, instance:runner.runner@46c00568]" started-at="2018-08-02T18:29:19Z" name="f" finished-at="2018-08-02T18:29:22Z" duration-ms="2899" status="PASS">
          <reporter-output>
          </reporter-output>
        </test-method> <!-- f -->
        <test-method is-config="true" signature="tearDown(org.testng.ITestResult)[pri:0, instance:runner.runner@46c00568]" started-at="2018-08-02T18:29:22Z" name="tearDown" finished-at="2018-08-02T18:29:22Z" duration-ms="145" status="PASS">
          <params>
            <param index="0">
              <value>
                <![CDATA[[TestResult name=f status=SUCCESS method=runner.f()[pri:0, instance:runner.runner@46c00568] output={null}]]]>
              </value>
            </param>
          </params>
          <reporter-output>
          </reporter-output>
        </test-method> <!-- tearDown -->
        <test-method is-config="true" signature="afterClass()[pri:0, instance:runner.runner@46c00568]" started-at="2018-08-02T18:29:22Z" name="afterClass" finished-at="2018-08-02T18:29:22Z" duration-ms="1" status="PASS">
          <reporter-output>
          </reporter-output>
        </test-method> <!-- afterClass -->
        <test-method is-config="true" signature="tearDownTest()[pri:0, instance:runner.runner@46c00568]" started-at="2018-08-02T18:29:22Z" name="tearDownTest" finished-at="2018-08-02T18:29:22Z" duration-ms="588" status="PASS">
          <reporter-output>
          </reporter-output>
        </test-method> <!-- tearDownTest -->
      </class> <!-- runner.runner -->
    </test> <!-- Default test -->
  </suite> <!-- Default suite -->
</testng-results>
