<?xml version="1.0" encoding="UTF-8"?>
<testng-results ignored="0" total="1" passed="1" failed="0" skipped="0">
  <reporter-output>
  </reporter-output>
  <suite started-at="2018-08-02T22:24:35Z" name="Default suite" finished-at="2018-08-02T22:24:58Z" duration-ms="23470">
    <groups>
    </groups>
    <test started-at="2018-08-02T22:24:35Z" name="Default test" finished-at="2018-08-02T22:24:58Z" duration-ms="23470">
      <class name="utilities.ExcelReader">
        <test-method is-config="true" signature="setUp()[pri:0, instance:utilities.ExcelReader@a1cdc6d]" started-at="2018-08-02T22:24:35Z" name="setUp" finished-at="2018-08-02T22:24:42Z" duration-ms="6726" status="PASS">
          <reporter-output>
          </reporter-output>
        </test-method> <!-- setUp -->
        <test-method signature="salaryCalculation()[pri:0, instance:utilities.ExcelReader@a1cdc6d]" started-at="2018-08-02T22:24:42Z" name="salaryCalculation" finished-at="2018-08-02T22:24:58Z" duration-ms="16287" status="PASS">
          <reporter-output>
          </reporter-output>
        </test-method> <!-- salaryCalculation -->
        <test-method is-config="true" signature="tearDown()[pri:0, instance:utilities.ExcelReader@a1cdc6d]" started-at="2018-08-02T22:24:58Z" name="tearDown" finished-at="2018-08-02T22:24:58Z" duration-ms="436" status="PASS">
          <reporter-output>
          </reporter-output>
        </test-method> <!-- tearDown -->
      </class> <!-- utilities.ExcelReader -->
    </test> <!-- Default test -->
  </suite> <!-- Default suite -->
</testng-results>
